[1208/175725.630:ERROR:process_reader_win.cc(151)] SuspendThread: Access is denied. (0x5)
[1208/175725.633:ERROR:process_reader_win.cc(151)] SuspendThread: Access is denied. (0x5)
[1208/175725.633:ERROR:process_reader_win.cc(151)] SuspendThread: Access is denied. (0x5)
[1208/175725.633:ERROR:process_reader_win.cc(151)] SuspendThread: Access is denied. (0x5)
[1208/175725.633:ERROR:process_reader_win.cc(151)] SuspendThread: Access is denied. (0x5)
[1208/175725.634:ERROR:process_reader_win.cc(151)] SuspendThread: Access is denied. (0x5)
[1208/175725.634:ERROR:process_reader_win.cc(151)] SuspendThread: Access is denied. (0x5)
[1208/175725.634:ERROR:process_reader_win.cc(151)] SuspendThread: Access is denied. (0x5)
[1208/175725.634:ERROR:process_reader_win.cc(151)] SuspendThread: Access is denied. (0x5)
[1208/175725.649:ERROR:process_reader_win.cc(151)] SuspendThread: Access is denied. (0x5)
[1208/175725.649:ERROR:process_reader_win.cc(151)] SuspendThread: Access is denied. (0x5)
[1208/175725.649:ERROR:process_reader_win.cc(151)] SuspendThread: Access is denied. (0x5)
[1208/175725.649:ERROR:process_reader_win.cc(151)] SuspendThread: Access is denied. (0x5)
[1208/175725.649:ERROR:process_reader_win.cc(151)] SuspendThread: Access is denied. (0x5)
[1208/175725.649:ERROR:process_reader_win.cc(151)] SuspendThread: Access is denied. (0x5)
[1208/175725.649:ERROR:process_reader_win.cc(151)] SuspendThread: Access is denied. (0x5)
[1208/175725.649:ERROR:process_reader_win.cc(151)] SuspendThread: Access is denied. (0x5)
[1208/175725.649:ERROR:process_reader_win.cc(151)] SuspendThread: Access is denied. (0x5)
[1208/175725.650:ERROR:process_reader_win.cc(151)] SuspendThread: Access is denied. (0x5)
[1208/175725.650:ERROR:process_reader_win.cc(151)] SuspendThread: Access is denied. (0x5)
[1208/175725.650:ERROR:process_reader_win.cc(151)] SuspendThread: Access is denied. (0x5)
[1208/175725.650:ERROR:process_reader_win.cc(151)] SuspendThread: Access is denied. (0x5)
[1208/175725.650:ERROR:process_reader_win.cc(151)] SuspendThread: Access is denied. (0x5)
[1208/175725.650:ERROR:process_reader_win.cc(151)] SuspendThread: Access is denied. (0x5)
[1208/175725.650:ERROR:process_reader_win.cc(123)] NtOpenThread: An invalid Client ID was specified.  (0xc000000b)
[1208/175725.656:ERROR:process_reader_win.cc(151)] SuspendThread: Access is denied. (0x5)
[1208/175725.656:ERROR:process_reader_win.cc(151)] SuspendThread: Access is denied. (0x5)
[1208/175725.656:ERROR:process_reader_win.cc(151)] SuspendThread: Access is denied. (0x5)
[1208/175725.656:ERROR:process_reader_win.cc(151)] SuspendThread: Access is denied. (0x5)
[1208/175725.656:ERROR:process_reader_win.cc(151)] SuspendThread: Access is denied. (0x5)
[1208/175725.656:ERROR:process_reader_win.cc(151)] SuspendThread: Access is denied. (0x5)
[1208/175725.656:ERROR:process_reader_win.cc(151)] SuspendThread: Access is denied. (0x5)
[1208/175725.657:ERROR:process_reader_win.cc(151)] SuspendThread: Access is denied. (0x5)
[1208/175725.657:ERROR:process_reader_win.cc(151)] SuspendThread: Access is denied. (0x5)
[1208/175725.657:ERROR:process_reader_win.cc(151)] SuspendThread: Access is denied. (0x5)
[1208/175725.657:ERROR:process_reader_win.cc(151)] SuspendThread: Access is denied. (0x5)
[1208/175725.657:ERROR:process_reader_win.cc(151)] SuspendThread: Access is denied. (0x5)
[1208/175725.657:ERROR:process_reader_win.cc(151)] SuspendThread: Access is denied. (0x5)
[1208/175725.657:ERROR:process_reader_win.cc(151)] SuspendThread: Access is denied. (0x5)
[1208/175725.657:ERROR:process_reader_win.cc(151)] SuspendThread: Access is denied. (0x5)
[1208/175725.657:ERROR:process_reader_win.cc(123)] NtOpenThread: {Access Denied} A process has requested access to an object, but has not been granted those access rights.  (0xc0000022)
[1208/175725.658:ERROR:exception_snapshot_win.cc(87)] thread ID 15736 not found in process
[1208/175725.658:WARNING:crash_report_exception_handler.cc(62)] ProcessSnapshotWin::Initialize failed
[1208/175725.754:ERROR:process_reader_win.cc(151)] SuspendThread: Access is denied. (0x5)
[1208/175725.756:ERROR:process_reader_win.cc(151)] SuspendThread: Access is denied. (0x5)
[1208/175725.756:ERROR:process_reader_win.cc(151)] SuspendThread: Access is denied. (0x5)
[1208/175725.756:ERROR:process_reader_win.cc(151)] SuspendThread: Access is denied. (0x5)
[1208/175725.756:ERROR:process_reader_win.cc(151)] SuspendThread: Access is denied. (0x5)
[1208/175725.756:ERROR:process_reader_win.cc(151)] SuspendThread: Access is denied. (0x5)
[1208/175725.756:ERROR:process_reader_win.cc(151)] SuspendThread: Access is denied. (0x5)
[1208/175725.756:ERROR:process_reader_win.cc(151)] SuspendThread: Access is denied. (0x5)
[1208/175725.756:ERROR:process_reader_win.cc(151)] SuspendThread: Access is denied. (0x5)
[1208/175725.756:ERROR:process_reader_win.cc(151)] SuspendThread: Access is denied. (0x5)
[1208/175725.757:ERROR:process_reader_win.cc(151)] SuspendThread: Access is denied. (0x5)
[1208/175725.757:ERROR:process_reader_win.cc(151)] SuspendThread: Access is denied. (0x5)
[1208/175725.757:ERROR:process_reader_win.cc(151)] SuspendThread: Access is denied. (0x5)
[1208/175725.757:ERROR:process_reader_win.cc(151)] SuspendThread: Access is denied. (0x5)
[1208/175725.757:ERROR:process_reader_win.cc(151)] SuspendThread: Access is denied. (0x5)
[1208/175725.757:ERROR:process_reader_win.cc(151)] SuspendThread: Access is denied. (0x5)
[1208/175725.757:ERROR:process_reader_win.cc(151)] SuspendThread: Access is denied. (0x5)
[1208/175725.757:ERROR:process_reader_win.cc(151)] SuspendThread: Access is denied. (0x5)
[1208/175725.757:ERROR:process_reader_win.cc(151)] SuspendThread: Access is denied. (0x5)
[1208/175725.757:ERROR:process_reader_win.cc(151)] SuspendThread: Access is denied. (0x5)
[1208/175725.757:ERROR:process_reader_win.cc(151)] SuspendThread: Access is denied. (0x5)
[1208/175725.757:ERROR:process_reader_win.cc(151)] SuspendThread: Access is denied. (0x5)
[1208/175725.757:ERROR:process_reader_win.cc(151)] SuspendThread: Access is denied. (0x5)
[1208/175725.757:ERROR:process_reader_win.cc(151)] SuspendThread: Access is denied. (0x5)
[1208/175725.757:ERROR:process_reader_win.cc(151)] SuspendThread: Access is denied. (0x5)
[1208/175725.757:ERROR:process_reader_win.cc(151)] SuspendThread: Access is denied. (0x5)
[1208/175725.757:ERROR:process_reader_win.cc(151)] SuspendThread: Access is denied. (0x5)
[1208/175725.757:ERROR:process_reader_win.cc(151)] SuspendThread: Access is denied. (0x5)
[1208/175725.757:ERROR:process_reader_win.cc(151)] SuspendThread: Access is denied. (0x5)
[1208/175725.757:ERROR:process_reader_win.cc(151)] SuspendThread: Access is denied. (0x5)
[1208/175725.758:ERROR:process_reader_win.cc(151)] SuspendThread: Access is denied. (0x5)
[1208/175725.758:ERROR:process_reader_win.cc(151)] SuspendThread: Access is denied. (0x5)
[1208/175725.758:ERROR:process_reader_win.cc(151)] SuspendThread: Access is denied. (0x5)
[1208/175725.758:ERROR:process_reader_win.cc(151)] SuspendThread: Access is denied. (0x5)
[1208/175725.758:ERROR:process_reader_win.cc(151)] SuspendThread: Access is denied. (0x5)
[1208/175725.758:ERROR:process_reader_win.cc(151)] SuspendThread: Access is denied. (0x5)
[1208/175725.758:ERROR:process_reader_win.cc(123)] NtOpenThread: {Access Denied} A process has requested access to an object, but has not been granted those access rights.  (0xc0000022)
[1208/175725.759:ERROR:exception_snapshot_win.cc(87)] thread ID 17540 not found in process
[1208/175725.759:WARNING:crash_report_exception_handler.cc(62)] ProcessSnapshotWin::Initialize failed
[1208/175725.836:ERROR:process_reader_win.cc(151)] SuspendThread: Access is denied. (0x5)
[1208/175725.838:ERROR:process_reader_win.cc(151)] SuspendThread: Access is denied. (0x5)
[1208/175725.838:ERROR:process_reader_win.cc(151)] SuspendThread: Access is denied. (0x5)
[1208/175725.838:ERROR:process_reader_win.cc(151)] SuspendThread: Access is denied. (0x5)
[1208/175725.838:ERROR:process_reader_win.cc(151)] SuspendThread: Access is denied. (0x5)
[1208/175725.838:ERROR:process_reader_win.cc(151)] SuspendThread: Access is denied. (0x5)
[1208/175725.838:ERROR:process_reader_win.cc(151)] SuspendThread: Access is denied. (0x5)
[1208/175725.838:ERROR:process_reader_win.cc(151)] SuspendThread: Access is denied. (0x5)
[1208/175725.838:ERROR:process_reader_win.cc(151)] SuspendThread: Access is denied. (0x5)
[1208/175725.838:ERROR:process_reader_win.cc(151)] SuspendThread: Access is denied. (0x5)
[1208/175725.838:ERROR:process_reader_win.cc(151)] SuspendThread: Access is denied. (0x5)
[1208/175725.838:ERROR:process_reader_win.cc(151)] SuspendThread: Access is denied. (0x5)
[1208/175725.838:ERROR:process_reader_win.cc(151)] SuspendThread: Access is denied. (0x5)
[1208/175725.838:ERROR:process_reader_win.cc(151)] SuspendThread: Access is denied. (0x5)
[1208/175725.838:ERROR:process_reader_win.cc(151)] SuspendThread: Access is denied. (0x5)
[1208/175725.838:ERROR:process_reader_win.cc(151)] SuspendThread: Access is denied. (0x5)
[1208/175725.839:ERROR:process_reader_win.cc(151)] SuspendThread: Access is denied. (0x5)
[1208/175725.839:ERROR:process_reader_win.cc(151)] SuspendThread: Access is denied. (0x5)
[1208/175725.839:ERROR:process_reader_win.cc(151)] SuspendThread: Access is denied. (0x5)
[1208/175725.839:ERROR:process_reader_win.cc(151)] SuspendThread: Access is denied. (0x5)
[1208/175725.839:ERROR:process_reader_win.cc(151)] SuspendThread: Access is denied. (0x5)
[1208/175725.839:ERROR:process_reader_win.cc(151)] SuspendThread: Access is denied. (0x5)
[1208/175725.839:ERROR:process_reader_win.cc(151)] SuspendThread: Access is denied. (0x5)
[1208/175725.839:ERROR:process_reader_win.cc(151)] SuspendThread: Access is denied. (0x5)
[1208/175725.839:ERROR:process_reader_win.cc(151)] SuspendThread: Access is denied. (0x5)
[1208/175725.839:ERROR:process_reader_win.cc(151)] SuspendThread: Access is denied. (0x5)
[1208/175725.839:ERROR:process_reader_win.cc(151)] SuspendThread: Access is denied. (0x5)
[1208/175725.839:ERROR:process_reader_win.cc(151)] SuspendThread: Access is denied. (0x5)
[1208/175725.839:ERROR:process_reader_win.cc(151)] SuspendThread: Access is denied. (0x5)
[1208/175725.839:ERROR:process_reader_win.cc(151)] SuspendThread: Access is denied. (0x5)
[1208/175725.839:ERROR:process_reader_win.cc(123)] NtOpenThread: An invalid Client ID was specified.  (0xc000000b)
[1208/175725.839:ERROR:process_reader_win.cc(151)] SuspendThread: Access is denied. (0x5)
[1208/175725.840:ERROR:process_reader_win.cc(151)] SuspendThread: Access is denied. (0x5)
[1208/175725.840:ERROR:process_reader_win.cc(151)] SuspendThread: Access is denied. (0x5)
[1208/175725.840:ERROR:process_reader_win.cc(123)] NtOpenThread: {Access Denied} A process has requested access to an object, but has not been granted those access rights.  (0xc0000022)
[1208/175725.840:ERROR:exception_snapshot_win.cc(87)] thread ID 12836 not found in process
[1208/175725.840:WARNING:crash_report_exception_handler.cc(62)] ProcessSnapshotWin::Initialize failed
[1208/175725.878:ERROR:process_reader_win.cc(151)] SuspendThread: Access is denied. (0x5)
[1208/175725.880:ERROR:process_reader_win.cc(151)] SuspendThread: Access is denied. (0x5)
[1208/175725.880:ERROR:process_reader_win.cc(151)] SuspendThread: Access is denied. (0x5)
[1208/175725.880:ERROR:process_reader_win.cc(151)] SuspendThread: Access is denied. (0x5)
[1208/175725.880:ERROR:process_reader_win.cc(151)] SuspendThread: Access is denied. (0x5)
[1208/175725.880:ERROR:process_reader_win.cc(151)] SuspendThread: Access is denied. (0x5)
[1208/175725.880:ERROR:process_reader_win.cc(151)] SuspendThread: Access is denied. (0x5)
[1208/175725.880:ERROR:process_reader_win.cc(123)] NtOpenThread: {Access Denied} A process has requested access to an object, but has not been granted those access rights.  (0xc0000022)
[1208/175725.882:ERROR:exception_snapshot_win.cc(87)] thread ID 14688 not found in process
[1208/175725.882:WARNING:crash_report_exception_handler.cc(62)] ProcessSnapshotWin::Initialize failed
[1208/175726.269:ERROR:process_info.cc(350)] VirtualQueryEx: Access is denied. (0x5)
[1208/175726.269:ERROR:process_info.cc(571)] ReadMemoryInfo failed
[1208/175726.274:ERROR:process_reader_win.cc(151)] SuspendThread: Access is denied. (0x5)
[1208/175726.274:ERROR:exception_snapshot_win.cc(87)] thread ID 16700 not found in process
[1208/175726.274:WARNING:crash_report_exception_handler.cc(62)] ProcessSnapshotWin::Initialize failed
[1208/175726.274:ERROR:scoped_process_suspend.cc(39)] NtResumeProcess: An attempt was made to access an exiting process.  (0xc000010a)
